#
# A fatal error has been detected by the Java Runtime Environment:
#
#  EXCEPTION_ACCESS_VIOLATION (0xc0000005) at pc=0x00007ff9684226c4, pid=38940, tid=32428
#
# JRE version: OpenJDK Runtime Environment (24.0.1+9) (build 24.0.1+9-30)
# Java VM: OpenJDK 64-Bit Server VM (24.0.1+9-30, mixed mode, sharing, tiered, compressed oops, compressed class ptrs, g1 gc, windows-amd64)
# Problematic frame:
# C  [libasyncProfiler.dll+0x926c4]
#
# No core dump will be written. Minidumps are not enabled by default on client versions of Windows
#
# JFR recording file will be written. Location: C:\Users\user\IdeaProjects\AA\hs_err_pid38940.jfr
#
# If you would like to submit a bug report, please visit:
#   https://bugreport.java.com/bugreport/crash.jsp
# The crash happened outside the Java Virtual Machine in native code.
# See problematic frame for where to report the bug.
#

---------------  S U M M A R Y ------------

Command Line: -javaagent:C:\Program Files\JetBrains\IntelliJ IDEA 2025.1\lib\idea_rt.jar=57461 -Dfile.encoding=UTF-8 -Dsun.stdout.encoding=UTF-8 -Dsun.stderr.encoding=UTF-8 Last_Laboratory_Works.ModernAlgorithmsLabApp

Host: 11th Gen Intel(R) Core(TM) i7-11370H @ 3.30GHz, 8 cores, 15G,  Windows 11 , 64 bit Build 22621 (10.0.22621.5124)
Time: Thu May 15 04:48:47 2025 GTB Daylight Time elapsed time: 107.003177 seconds (0d 0h 1m 47s)

---------------  T H R E A D  ---------------

Current thread (0x000002222be5d3a0):  JavaThread "Attach Listener" daemon [_thread_in_native, id=32428, stack(0x000000ecb7600000,0x000000ecb7700000) (1024K)]

Stack: [0x000000ecb7600000,0x000000ecb7700000],  sp=0x000000ecb76fed00,  free space=1019k
Native frames: (J=compiled Java code, j=interpreted, Vv=VM code, C=native code)
C  [libasyncProfiler.dll+0x926c4]  (no source info available)
C  [libasyncProfiler.dll+0x92b9b]  (no source info available)
C  [libasyncProfiler.dll+0x917f4]  (no source info available)
C  [libasyncProfiler.dll+0x9206a]  (no source info available)
C  [libasyncProfiler.dll+0x8cc21]  (no source info available)
C  [libasyncProfiler.dll+0x7e5e1]  (no source info available)
C  [libasyncProfiler.dll+0x7d2f8]  (no source info available)
C  [libasyncProfiler.dll+0x7d1e0]  (no source info available)
C  [libasyncProfiler.dll+0x841b9]  (no source info available)
V  [jvm.dll+0x57eff7]  (no source info available)
V  [jvm.dll+0x57fdac]  (no source info available)
V  [jvm.dll+0x14ca17]  (no source info available)
V  [jvm.dll+0x14dfe1]  (no source info available)
V  [jvm.dll+0x42f456]  (no source info available)
V  [jvm.dll+0x87d76b]  (no source info available)
V  [jvm.dll+0x72ee55]  (no source info available)
C  [ucrtbase.dll+0x29333]  (no source info available)
C  [KERNEL32.DLL+0x1259d]  (no source info available)
C  [ntdll.dll+0x5af38]  (no source info available)


siginfo: EXCEPTION_ACCESS_VIOLATION (0xc0000005), reading address 0xffffffffffffffff


Registers:
RAX=0x0000000000000010, RBX=0x0000000000000000, RCX=0xffffffffffffffff, RDX=0x007ff8f38b300010
RSP=0x000000ecb76fed00, RBP=0x000002227523b930, RSI=0x000000ecb76fee70, RDI=0x000002227523b930
R8 =0x0000000000000042, R9 =0x0000000711a0aaa8, R10=0x00007ff8f3b29fb0, R11=0x0000000000000004
R12=0x000000ecb76fee70, R13=0x0000022274fed110, R14=0x000002222be5d768, R15=0x000002222be5d768
RIP=0x00007ff9684226c4, EFLAGS=0x0000000000010202

XMM[0]=0x0000000000000000 0x0000000000000000
XMM[1]=0x0000000000000000 0x0000000000000000
XMM[2]=0x0000000000000000 0x0000000000000000
XMM[3]=0x0000000000000000 0x0000000000000000
XMM[4]=0x0000000000000000 0x0000000000000000
XMM[5]=0x0000000000000000 0x0000000000000000
XMM[6]=0x0000000000000000 0x0000000000000000
XMM[7]=0x0000000000000000 0x0000000000000000
XMM[8]=0x0000000000000000 0x0000000000000000
XMM[9]=0x0000000000000000 0x0000000000000000
XMM[10]=0x0000000000000000 0x0000000000000000
XMM[11]=0x0000000000000000 0x0000000000000000
XMM[12]=0x0000000000000000 0x0000000000000000
XMM[13]=0x0000000000000000 0x0000000000000000
XMM[14]=0x0000000000000000 0x0000000000000000
XMM[15]=0x0000000000000000 0x0000000000000000
  MXCSR=0x00001fa0


Register to memory mapping:

RAX=0x0000000000000010 is an unknown value
RBX=0x0 is null
RCX=0xffffffffffffffff is an unknown value
RDX=0x007ff8f38b300010 is an unknown value
RSP=0x000000ecb76fed00 is pointing into the stack for thread: 0x000002222be5d3a0
RBP=0x000002227523b930 points into unknown readable memory: 0x0000000711a0aaa8 | a8 aa a0 11 07 00 00 00
RSI=0x000000ecb76fee70 is pointing into the stack for thread: 0x000002222be5d3a0
RDI=0x000002227523b930 points into unknown readable memory: 0x0000000711a0aaa8 | a8 aa a0 11 07 00 00 00
R8 =0x0000000000000042 is an unknown value
R9 =0x0000000711a0aaa8 is an oop: java.lang.ref.Reference$ReferenceHandler 
{0x0000000711a0aaa8} - klass: 'java/lang/ref/Reference$ReferenceHandler' - flags: 

 - ---- fields (total size 14 words):
 - 'threadLocalRandomProbe' 'I' @12  0 (0x00000000)
 - private volatile 'eetop' 'J' @16  2345788602256 (0x000002222be57790)
 - private final 'tid' 'J' @24  14 (0x000000000000000e)
 - 'threadLocalRandomSeed' 'J' @32  0 (0x0000000000000000)
 - injected 'jvmti_thread_state' 'J' @40  2346951913920 (0x00000222713c31c0)
 - 'threadLocalRandomSecondarySeed' 'I' @48  0 (0x00000000)
 - injected 'jvmti_VTMS_transition_disable_count' 'I' @52  0 (0x00000000)
 - injected 'jfr_epoch' 'S' @56  0 (0x0000)
 - volatile 'interrupted' 'Z' @58  false (0x00)
 - injected 'jvmti_is_in_VTMS_transition' 'Z' @59  false (0x00)
 - private volatile 'name' 'Ljava/lang/String;' @60  "Reference Handler"{0x00000007ffe0a468} (0xfffc148d)
 - private volatile 'contextClassLoader' 'Ljava/lang/ClassLoader;' @64  null (0x00000000)
 - private final 'holder' 'Ljava/lang/Thread$FieldHolder;' @68  a 'java/lang/Thread$FieldHolder'{0x0000000711987040} (0xe2330e08)
 - 'threadLocals' 'Ljava/lang/ThreadLocal$ThreadLocalMap;' @72  null (0x00000000)
 - 'inheritableThreadLocals' 'Ljava/lang/ThreadLocal$ThreadLocalMap;' @76  null (0x00000000)
 - private 'scopedValueBindings' 'Ljava/lang/Object;' @80  a 'java/lang/Class'{0x00000007ffe7c258} = 'java/lang/Thread' (0xfffcf84b)
 - final 'interruptLock' 'Ljava/lang/Object;' @84  a 'java/lang/Object'{0x0000000711987030} (0xe2330e06)
 - private volatile 'parkBlocker' 'Ljava/lang/Object;' @88  null (0x00000000)
 - private 'nioBlocker' 'Lsun/nio/ch/Interruptible;' @92  null (0x00000000)
 - private 'cont' 'Ljdk/internal/vm/Continuation;' @96  null (0x00000000)
 - private volatile 'uncaughtExceptionHandler' 'Ljava/lang/Thread$UncaughtExceptionHandler;' @100  null (0x00000000)
 - private 'container' 'Ljdk/internal/vm/ThreadContainer;' @104  null (0x00000000)
 - private volatile 'headStackableScopes' 'Ljdk/internal/vm/StackableScope;' @108  null (0x00000000)
R10=0x00007ff8f3b29fb0 jvm.dll
R11=0x0000000000000004 is an unknown value
R12=0x000000ecb76fee70 is pointing into the stack for thread: 0x000002222be5d3a0
R13=0x0000022274fed110 points into unknown readable memory: 0x00007ff8f3a9a510 | 10 a5 a9 f3 f8 7f 00 00
R14=0x000002222be5d768 points into unknown readable memory: 0x00007ff8f3a917b0 | b0 17 a9 f3 f8 7f 00 00
R15=0x000002222be5d768 points into unknown readable memory: 0x00007ff8f3a917b0 | b0 17 a9 f3 f8 7f 00 00

Top of Stack: (sp=0x000000ecb76fed00)
0x000000ecb76fed00:   000000ecb76fee70 000002227523b930   p.o.....0.#u"...
0x000000ecb76fed10:   0000000000000000 000002222be5daf0   ...........+"...
0x000000ecb76fed20:   000000000000002b 00007ff968422b9b   +........+Bh....
0x000000ecb76fed30:   0000000000000000 000002222be5d768   ........h..+"...
0x000000ecb76fed40:   000000ecb76fee01 0000000000000000   ..o.............
0x000000ecb76fed50:   00000222759da020 00007ff9684217f4    ..u".....Bh....
0x000000ecb76fed60:   0000000000000000 000000000000002b   ........+.......
0x000000ecb76fed70:   0000000000000000 000000000000002b   ........+.......
0x000000ecb76fed80:   0000001374ccb040 0000022271a2edf0   @..t.......q"...
0x000000ecb76fed90:   00000222759da020 00000222759da0cc    ..u"......u"...
0x000000ecb76feda0:   00000222759da11c 000000000000491c   ...u"....I......
0x000000ecb76fedb0:   0000000000000000 0000000000000000   ................
0x000000ecb76fedc0:   0000000000000000 00007ff8f32f57d4   .........W/.....
0x000000ecb76fedd0:   00007ff968564ca0 000000000000981c   .LVh............
0x000000ecb76fede0:   00007ff968564ca0 00000000ffffffff   .LVh............
0x000000ecb76fedf0:   0000000000000000 00007ff96842206a   ........j Bh....
0x000000ecb76fee00:   000002222be5d768 0000000000000000   h..+"...........
0x000000ecb76fee10:   000000ecb76fee79 0000022274fed110   y.o........t"...
0x000000ecb76fee20:   0000000000000003 0000000000000048   ........H.......
0x000000ecb76fee30:   0000000800800310 0000000000000020   ........ .......
0x000000ecb76fee40:   000002222be5d768 00007ff968564ca0   h..+"....LVh....
0x000000ecb76fee50:   000002222bd03330 00000222713c31c0   03.+"....1<q"...
0x000000ecb76fee60:   0000000800800390 000002222be5d768   ........h..+"...
0x000000ecb76fee70:   000002227562d290 000002227562d7f0   ..bu".....bu"...
0x000000ecb76fee80:   000002227562d7f0 00007ff968564ca0   ..bu"....LVh....
0x000000ecb76fee90:   000002227591f490 000002220a4f0000   ...u".....O."...
0x000000ecb76feea0:   000000ecb76ff140 0000000000008840   @.o.....@.......
0x000000ecb76feeb0:   000000ecb76ff320 00007ff968564cf0    .o......LVh....
0x000000ecb76feec0:   0000000000989680 0000000000989680   ................
0x000000ecb76feed0:   000000ecb76fefe0 00007ff96841cc21   ..o.....!.Ah....
0x000000ecb76feee0:   00007ff968564ca0 00007ff968564cf8   .LVh.....LVh....
0x000000ecb76feef0:   00007ff900000000 00007ff800000001   ................

Instructions: (pc=0x00007ff9684226c4)
  0x00007ff9684225c4:   cc cc cc cc cc cc cc cc cc cc cc cc cc cc cc cc
  0x00007ff9684225d4:   cc cc cc cc cc cc cc cc cc cc cc cc cc cc cc cc
  0x00007ff9684225e4:   cc cc cc cc cc cc cc cc cc cc cc cc cc cc cc cc
  0x00007ff9684225f4:   cc cc cc cc cc cc cc cc cc cc cc cc cc cc cc cc
  0x00007ff968422604:   cc cc cc cc cc cc cc cc cc cc cc cc cc cc cc cc
  0x00007ff968422614:   cc cc cc cc cc cc cc cc cc cc cc cc cc cc cc cc
  0x00007ff968422624:   cc cc cc cc cc cc cc cc cc cc cc cc cc cc cc cc
  0x00007ff968422634:   cc cc cc cc cc cc cc cc cc cc cc cc cc cc cc cc
  0x00007ff968422644:   cc cc cc cc cc cc cc cc cc cc cc cc 40 57 48 83
  0x00007ff968422654:   ec 20 48 8b f9 48 8b 0d 10 28 14 00 48 85 c9 74
  0x00007ff968422664:   20 48 8b 01 48 8d 54 24 38 41 b8 06 00 01 00 4c
  0x00007ff968422674:   8b 48 30 41 ff d1 85 c0 75 07 48 8b 4c 24 38 eb
  0x00007ff968422684:   02 33 c9 4c 8b 05 ea 28 14 00 48 89 5c 24 30 4d
  0x00007ff968422694:   85 c0 74 4a 48 8b 01 48 8b d7 4c 8b 88 28 03 00
  0x00007ff9684226a4:   00 41 ff d1 48 85 c0 74 35 48 63 0d f8 e6 13 00
  0x00007ff9684226b4:   48 8b 14 01 48 85 d2 74 15 48 63 05 fc e6 13 00
=>0x00007ff9684226c4:   8b 04 10 48 8b 5c 24 30 48 83 c4 20 5f c3 b8 ff
  0x00007ff9684226d4:   ff ff ff 48 8b 5c 24 30 48 83 c4 20 5f c3 80 3d
  0x00007ff9684226e4:   9b 27 14 00 00 bb ff ff ff ff 74 20 4c 8b 0d 31
  0x00007ff9684226f4:   24 14 00 4c 8d 44 24 38 48 8b 0d 15 24 14 00 48
  0x00007ff968422704:   8b d7 41 ff d1 85 c0 0f 44 5c 24 38 8b c3 48 8b
  0x00007ff968422714:   5c 24 30 48 83 c4 20 5f c3 cc cc cc cc cc cc cc
  0x00007ff968422724:   cc cc cc cc cc cc cc cc cc cc cc cc cc cc cc cc
  0x00007ff968422734:   cc cc cc cc cc cc cc cc cc cc cc cc cc cc cc cc
  0x00007ff968422744:   cc cc cc cc cc cc cc cc cc cc cc cc 48 89 54 24
  0x00007ff968422754:   10 53 55 56 57 41 56 41 57 48 83 ec 28 48 8b f2
  0x00007ff968422764:   4c 8b f1 48 89 4c 24 78 45 33 ff 44 89 7c 24 68
  0x00007ff968422774:   c7 44 24 60 01 00 00 00 48 8d 4c 24 68 e8 ed 42
  0x00007ff968422784:   f7 ff 8b d8 48 8d 4c 24 60 e8 e1 42 f7 ff 8b e8
  0x00007ff968422794:   49 8b ce e8 00 fc f6 ff 48 8b f8 90 8b c3 f0 0f
  0x00007ff9684227a4:   b1 2f 74 04 f3 90 eb f4 4c 89 3e 4c 89 7e 08 4c
  0x00007ff9684227b4:   89 7e 10 49 8b 6e 08 4d 8b 76 10 49 3b ee 0f 84


Stack slot to memory mapping:

stack at sp + 0 slots: 0x000000ecb76fee70 is pointing into the stack for thread: 0x000002222be5d3a0
stack at sp + 1 slots: 0x000002227523b930 points into unknown readable memory: 0x0000000711a0aaa8 | a8 aa a0 11 07 00 00 00
stack at sp + 2 slots: 0x0 is null
stack at sp + 3 slots: 0x000002222be5daf0 points into unknown readable memory: 0x6e616c2e6176616a | 6a 61 76 61 2e 6c 61 6e
stack at sp + 4 slots: 0x000000000000002b is an unknown value
stack at sp + 5 slots: 0x00007ff968422b9b libasyncProfiler.dll
stack at sp + 6 slots: 0x0 is null
stack at sp + 7 slots: 0x000002222be5d768 points into unknown readable memory: 0x00007ff8f3a917b0 | b0 17 a9 f3 f8 7f 00 00

Lock stack of current Java thread (top to bottom):


---------------  P R O C E S S  ---------------

Threads class SMR info:
_java_thread_list=0x00000222759e5fc0, length=25, elements={
0x000002222be57790, 0x000002222be590e0, 0x000002222be5a770, 0x000002222be5d3a0,
0x000002222be665e0, 0x000002222be67330, 0x000002222be6a7d0, 0x000002222be6c2a0,
0x00000222711ab000, 0x00000222711bbd60, 0x00000222711bc4a0, 0x0000022271a5edc0,
0x0000022271b992f0, 0x0000022271b99a30, 0x00000222717e4290, 0x000002220c7f9d00,
0x0000022271c37720, 0x0000022271d357a0, 0x0000022271d0aa40, 0x0000022271d0b190,
0x0000022271d07e60, 0x0000022271ba8b70, 0x000002227560ea20, 0x0000022275610eb0,
0x0000022271ba5e10
}

Java Threads: ( => current thread )
  0x000002222be57790 JavaThread "Reference Handler"          daemon [_thread_blocked, id=10872, stack(0x000000ecb7300000,0x000000ecb7400000) (1024K)]
  0x000002222be590e0 JavaThread "Finalizer"                  daemon [_thread_blocked, id=35600, stack(0x000000ecb7400000,0x000000ecb7500000) (1024K)]
  0x000002222be5a770 JavaThread "Signal Dispatcher"          daemon [_thread_blocked, id=44288, stack(0x000000ecb7500000,0x000000ecb7600000) (1024K)]
=>0x000002222be5d3a0 JavaThread "Attach Listener"            daemon [_thread_in_native, id=32428, stack(0x000000ecb7600000,0x000000ecb7700000) (1024K)]
  0x000002222be665e0 JavaThread "Service Thread"             daemon [_thread_blocked, id=52180, stack(0x000000ecb7700000,0x000000ecb7800000) (1024K)]
  0x000002222be67330 JavaThread "Monitor Deflation Thread"   daemon [_thread_blocked, id=324, stack(0x000000ecb7800000,0x000000ecb7900000) (1024K)]
  0x000002222be6a7d0 JavaThread "C2 CompilerThread0"         daemon [_thread_blocked, id=29448, stack(0x000000ecb7900000,0x000000ecb7a00000) (1024K)]
  0x000002222be6c2a0 JavaThread "C1 CompilerThread0"         daemon [_thread_blocked, id=11372, stack(0x000000ecb7a00000,0x000000ecb7b00000) (1024K)]
  0x00000222711ab000 JavaThread "Common-Cleaner"             daemon [_thread_blocked, id=37560, stack(0x000000ecb7b00000,0x000000ecb7c00000) (1024K)]
  0x00000222711bbd60 JavaThread "Monitor Ctrl-Break"         daemon [_thread_in_native, id=51744, stack(0x000000ecb7c00000,0x000000ecb7d00000) (1024K)]
  0x00000222711bc4a0 JavaThread "Notification Thread"        daemon [_thread_blocked, id=41612, stack(0x000000ecb7d00000,0x000000ecb7e00000) (1024K)]
  0x0000022271a5edc0 JavaThread "Java2D Disposer"            daemon [_thread_blocked, id=14240, stack(0x000000ecb7e00000,0x000000ecb7f00000) (1024K)]
  0x0000022271b992f0 JavaThread "AWT-Shutdown"                      [_thread_blocked, id=46672, stack(0x000000ecb7f00000,0x000000ecb8000000) (1024K)]
  0x0000022271b99a30 JavaThread "AWT-Windows"                daemon [_thread_in_native, id=4728, stack(0x000000ecb8000000,0x000000ecb8100000) (1024K)]
  0x00000222717e4290 JavaThread "AWT-EventQueue-0"                  [_thread_blocked, id=43404, stack(0x000000ecb8100000,0x000000ecb8200000) (1024K)]
  0x000002220c7f9d00 JavaThread "DestroyJavaVM"                     [_thread_blocked, id=26108, stack(0x000000ecb6b00000,0x000000ecb6c00000) (1024K)]
  0x0000022271c37720 JavaThread "RMI TCP Accept-0"           daemon [_thread_in_native, id=7036, stack(0x000000ecb8400000,0x000000ecb8500000) (1024K)]
  0x0000022271d357a0 JavaThread "RMI TCP Connection(1)-192.168.0.189" daemon [_thread_in_native, id=35092, stack(0x000000ecb8500000,0x000000ecb8600000) (1024K)]
  0x0000022271d0aa40 JavaThread "TimerQueue"                 daemon [_thread_blocked, id=44168, stack(0x000000ecb8600000,0x000000ecb8700000) (1024K)]
  0x0000022271d0b190 JavaThread "RMI Scheduler(0)"           daemon [_thread_blocked, id=42544, stack(0x000000ecb8700000,0x000000ecb8800000) (1024K)]
  0x0000022271d07e60 JavaThread "JMX server connection timeout 39" daemon [_thread_blocked, id=7780, stack(0x000000ecb8800000,0x000000ecb8900000) (1024K)]
  0x0000022271ba8b70 JavaThread "C2 CompilerThread1"         daemon [_thread_blocked, id=19508, stack(0x000000ecb6800000,0x000000ecb6900000) (1024K)]
  0x000002227560ea20 JavaThread "JFR Recorder Thread"        daemon [_thread_in_native, id=6652, stack(0x000000ecb6900000,0x000000ecb6a00000) (1024K)]
  0x0000022275610eb0 JavaThread "JFR Periodic Tasks"         daemon [_thread_blocked, id=13432, stack(0x000000ecb6a00000,0x000000ecb6b00000) (1024K)]
  0x0000022271ba5e10 JavaThread "C2 CompilerThread2"         daemon [_thread_blocked, id=18716, stack(0x000000ecb8200000,0x000000ecb8300000) (1024K)]
Total: 25

Other Threads:
  0x000002222be44710 VMThread "VM Thread"                           [id=45500, stack(0x000000ecb7200000,0x000000ecb7300000) (1024K)]
  0x000002222be358f0 WatcherThread "VM Periodic Task Thread"        [id=21300, stack(0x000000ecb7100000,0x000000ecb7200000) (1024K)]
  0x000002220c861af0 WorkerThread "GC Thread#0"                     [id=14620, stack(0x000000ecb6c00000,0x000000ecb6d00000) (1024K)]
  0x0000022271e8dbe0 WorkerThread "GC Thread#1"                     [id=11676, stack(0x000000ecb8300000,0x000000ecb8400000) (1024K)]
  0x0000022271079e90 WorkerThread "GC Thread#2"                     [id=21372, stack(0x000000ecb8c00000,0x000000ecb8d00000) (1024K)]
  0x0000022271078c20 WorkerThread "GC Thread#3"                     [id=17880, stack(0x000000ecb8d00000,0x000000ecb8e00000) (1024K)]
  0x0000022271078fd0 WorkerThread "GC Thread#4"                     [id=37700, stack(0x000000ecb8e00000,0x000000ecb8f00000) (1024K)]
  0x000002227107b100 WorkerThread "GC Thread#5"                     [id=32588, stack(0x000000ecb8f00000,0x000000ecb9000000) (1024K)]
  0x0000022271079380 WorkerThread "GC Thread#6"                     [id=43952, stack(0x000000ecb9000000,0x000000ecb9100000) (1024K)]
  0x0000022271079ae0 WorkerThread "GC Thread#7"                     [id=49492, stack(0x000000ecb9100000,0x000000ecb9200000) (1024K)]
  0x000002220c876680 ConcurrentGCThread "G1 Main Marker"            [id=13644, stack(0x000000ecb6d00000,0x000000ecb6e00000) (1024K)]
  0x000002220c877190 WorkerThread "G1 Conc#0"                       [id=12656, stack(0x000000ecb6e00000,0x000000ecb6f00000) (1024K)]
  0x000002222bcf85a0 ConcurrentGCThread "G1 Refine#0"               [id=41908, stack(0x000000ecb6f00000,0x000000ecb7000000) (1024K)]
  0x000002222bcf9120 ConcurrentGCThread "G1 Service"                [id=28332, stack(0x000000ecb7000000,0x000000ecb7100000) (1024K)]
Total: 14

Threads with active compile tasks:
Total: 0

VM state: not at safepoint (normal execution)

VM Mutex/Monitor currently owned by a thread: None

Heap address: 0x0000000705000000, size: 4016 MB, Compressed Oops mode: Zero based, Oop shift amount: 3

CDS archive(s) mapped at: [0x000002222c000000-0x000002222cd40000-0x000002222cd40000), size 13893632, SharedBaseAddress: 0x000002222c000000, ArchiveRelocationMode: 1.
Compressed class space mapped at: 0x000002222d000000-0x000002226d000000, reserved size: 1073741824
UseCompressedClassPointers 1, UseCompactObjectHeaders 0
Narrow klass pointer bits 32, Max shift 3
Narrow klass base: 0x000002222c000000, Narrow klass shift: 0
Encoding Range: [0x000002222c000000 - 0x000002232c000000), (4294967296 bytes)
Klass Range:    [0x000002222c000000 - 0x000002226d000000), (1090519040 bytes)
Klass ID Range:  [8 - 1090519033) (1090519025)

GC Precious Log:
 CardTable entry size: 512
 Card Set container configuration: InlinePtr #cards 4 size 8 Array Of Cards #cards 16 size 48 Howl #buckets 8 coarsen threshold 3686 Howl Bitmap #cards 512 size 80 coarsen threshold 460 Card regions per heap region 1 cards per card region 4096
 CPUs: 8 total, 8 available
 Memory: 16062M
 Large Page Support: Disabled
 NUMA Support: Disabled
 Compressed Oops: Enabled (Zero based)
 Heap Region Size: 2M
 Heap Min Capacity: 8M
 Heap Initial Capacity: 252M
 Heap Max Capacity: 4016M
 Pre-touch: Disabled
 Parallel Workers: 8
 Concurrent Workers: 2
 Concurrent Refinement Workers: 8
 Periodic GC: Disabled

Heap:
 garbage-first heap   total reserved 4112384K, committed 260096K, used 43272K [0x0000000705000000, 0x0000000800000000)
  region size 2048K, 11 young (22528K), 3 survivors (6144K)
 Metaspace       used 18959K, committed 19264K, reserved 1114112K
  class space    used 1801K, committed 1920K, reserved 1048576K

Heap Regions: E=young(eden), S=young(survivor), O=old, HS=humongous(starts), HC=humongous(continues), CS=collection set, F=free, TAMS=top-at-mark-start, PB=parsable bottom
|   0|0x0000000705000000, 0x0000000705200000, 0x0000000705200000|100%|HS|  |TAMS 0x0000000705000000| PB 0x0000000705000000| Complete |  0
|   1|0x0000000705200000, 0x0000000705400000, 0x0000000705400000|100%|HC|  |TAMS 0x0000000705200000| PB 0x0000000705200000| Complete |  0
|   2|0x0000000705400000, 0x0000000705600000, 0x0000000705600000|100%|HC|  |TAMS 0x0000000705400000| PB 0x0000000705400000| Complete |  0
|   3|0x0000000705600000, 0x0000000705800000, 0x0000000705800000|100%|HC|  |TAMS 0x0000000705600000| PB 0x0000000705600000| Complete |  0
|   4|0x0000000705800000, 0x0000000705a00000, 0x0000000705a00000|100%|HC|  |TAMS 0x0000000705800000| PB 0x0000000705800000| Complete |  0
|   5|0x0000000705a00000, 0x0000000705c00000, 0x0000000705c00000|100%|HC|  |TAMS 0x0000000705a00000| PB 0x0000000705a00000| Complete |  0
|   6|0x0000000705c00000, 0x0000000705e00000, 0x0000000705e00000|100%|HC|  |TAMS 0x0000000705c00000| PB 0x0000000705c00000| Complete |  0
|   7|0x0000000705e00000, 0x0000000706000000, 0x0000000706000000|100%|HC|  |TAMS 0x0000000705e00000| PB 0x0000000705e00000| Complete |  0
|   8|0x0000000706000000, 0x0000000706200000, 0x0000000706200000|100%|HC|  |TAMS 0x0000000706000000| PB 0x0000000706000000| Complete |  0
|   9|0x0000000706200000, 0x0000000706400000, 0x0000000706400000|100%|HC|  |TAMS 0x0000000706200000| PB 0x0000000706200000| Complete |  0
|  10|0x0000000706400000, 0x0000000706600000, 0x0000000706600000|100%|HC|  |TAMS 0x0000000706400000| PB 0x0000000706400000| Complete |  0
|  11|0x0000000706600000, 0x0000000706600000, 0x0000000706800000|  0%| F|  |TAMS 0x0000000706600000| PB 0x0000000706600000| Untracked |  0
|  12|0x0000000706800000, 0x0000000706800000, 0x0000000706a00000|  0%| F|  |TAMS 0x0000000706800000| PB 0x0000000706800000| Untracked |  0
|  13|0x0000000706a00000, 0x0000000706a00000, 0x0000000706c00000|  0%| F|  |TAMS 0x0000000706a00000| PB 0x0000000706a00000| Untracked |  0
|  14|0x0000000706c00000, 0x0000000706c00000, 0x0000000706e00000|  0%| F|  |TAMS 0x0000000706c00000| PB 0x0000000706c00000| Untracked |  0
|  15|0x0000000706e00000, 0x0000000706e00000, 0x0000000707000000|  0%| F|  |TAMS 0x0000000706e00000| PB 0x0000000706e00000| Untracked |  0
|  16|0x0000000707000000, 0x0000000707000000, 0x0000000707200000|  0%| F|  |TAMS 0x0000000707000000| PB 0x0000000707000000| Untracked |  0
|  17|0x0000000707200000, 0x0000000707200000, 0x0000000707400000|  0%| F|  |TAMS 0x0000000707200000| PB 0x0000000707200000| Untracked |  0
|  18|0x0000000707400000, 0x0000000707400000, 0x0000000707600000|  0%| F|  |TAMS 0x0000000707400000| PB 0x0000000707400000| Untracked |  0
|  19|0x0000000707600000, 0x0000000707600000, 0x0000000707800000|  0%| F|  |TAMS 0x0000000707600000| PB 0x0000000707600000| Untracked |  0
|  20|0x0000000707800000, 0x0000000707800000, 0x0000000707a00000|  0%| F|  |TAMS 0x0000000707800000| PB 0x0000000707800000| Untracked |  0
|  21|0x0000000707a00000, 0x0000000707a00000, 0x0000000707c00000|  0%| F|  |TAMS 0x0000000707a00000| PB 0x0000000707a00000| Untracked |  0
|  22|0x0000000707c00000, 0x0000000707c00000, 0x0000000707e00000|  0%| F|  |TAMS 0x0000000707c00000| PB 0x0000000707c00000| Untracked |  0
|  23|0x0000000707e00000, 0x0000000707e00000, 0x0000000708000000|  0%| F|  |TAMS 0x0000000707e00000| PB 0x0000000707e00000| Untracked |  0
|  24|0x0000000708000000, 0x0000000708000000, 0x0000000708200000|  0%| F|  |TAMS 0x0000000708000000| PB 0x0000000708000000| Untracked |  0
|  25|0x0000000708200000, 0x0000000708200000, 0x0000000708400000|  0%| F|  |TAMS 0x0000000708200000| PB 0x0000000708200000| Untracked |  0
|  26|0x0000000708400000, 0x0000000708400000, 0x0000000708600000|  0%| F|  |TAMS 0x0000000708400000| PB 0x0000000708400000| Untracked |  0
|  27|0x0000000708600000, 0x0000000708600000, 0x0000000708800000|  0%| F|  |TAMS 0x0000000708600000| PB 0x0000000708600000| Untracked |  0
|  28|0x0000000708800000, 0x0000000708800000, 0x0000000708a00000|  0%| F|  |TAMS 0x0000000708800000| PB 0x0000000708800000| Untracked |  0
|  29|0x0000000708a00000, 0x0000000708a00000, 0x0000000708c00000|  0%| F|  |TAMS 0x0000000708a00000| PB 0x0000000708a00000| Untracked |  0
|  30|0x0000000708c00000, 0x0000000708c00000, 0x0000000708e00000|  0%| F|  |TAMS 0x0000000708c00000| PB 0x0000000708c00000| Untracked |  0
|  31|0x0000000708e00000, 0x0000000708e00000, 0x0000000709000000|  0%| F|  |TAMS 0x0000000708e00000| PB 0x0000000708e00000| Untracked |  0
|  32|0x0000000709000000, 0x0000000709000000, 0x0000000709200000|  0%| F|  |TAMS 0x0000000709000000| PB 0x0000000709000000| Untracked |  0
|  33|0x0000000709200000, 0x0000000709200000, 0x0000000709400000|  0%| F|  |TAMS 0x0000000709200000| PB 0x0000000709200000| Untracked |  0
|  34|0x0000000709400000, 0x0000000709400000, 0x0000000709600000|  0%| F|  |TAMS 0x0000000709400000| PB 0x0000000709400000| Untracked |  0
|  35|0x0000000709600000, 0x0000000709600000, 0x0000000709800000|  0%| F|  |TAMS 0x0000000709600000| PB 0x0000000709600000| Untracked |  0
|  36|0x0000000709800000, 0x0000000709800000, 0x0000000709a00000|  0%| F|  |TAMS 0x0000000709800000| PB 0x0000000709800000| Untracked |  0
|  37|0x0000000709a00000, 0x0000000709a00000, 0x0000000709c00000|  0%| F|  |TAMS 0x0000000709a00000| PB 0x0000000709a00000| Untracked |  0
|  38|0x0000000709c00000, 0x0000000709c00000, 0x0000000709e00000|  0%| F|  |TAMS 0x0000000709c00000| PB 0x0000000709c00000| Untracked |  0
|  39|0x0000000709e00000, 0x0000000709e00000, 0x000000070a000000|  0%| F|  |TAMS 0x0000000709e00000| PB 0x0000000709e00000| Untracked |  0
|  40|0x000000070a000000, 0x000000070a000000, 0x000000070a200000|  0%| F|  |TAMS 0x000000070a000000| PB 0x000000070a000000| Untracked |  0
|  41|0x000000070a200000, 0x000000070a200000, 0x000000070a400000|  0%| F|  |TAMS 0x000000070a200000| PB 0x000000070a200000| Untracked |  0
|  42|0x000000070a400000, 0x000000070a400000, 0x000000070a600000|  0%| F|  |TAMS 0x000000070a400000| PB 0x000000070a400000| Untracked |  0
|  43|0x000000070a600000, 0x000000070a600000, 0x000000070a800000|  0%| F|  |TAMS 0x000000070a600000| PB 0x000000070a600000| Untracked |  0
|  44|0x000000070a800000, 0x000000070a800000, 0x000000070aa00000|  0%| F|  |TAMS 0x000000070a800000| PB 0x000000070a800000| Untracked |  0
|  45|0x000000070aa00000, 0x000000070aa00000, 0x000000070ac00000|  0%| F|  |TAMS 0x000000070aa00000| PB 0x000000070aa00000| Untracked |  0
|  46|0x000000070ac00000, 0x000000070ac00000, 0x000000070ae00000|  0%| F|  |TAMS 0x000000070ac00000| PB 0x000000070ac00000| Untracked |  0
|  47|0x000000070ae00000, 0x000000070ae00000, 0x000000070b000000|  0%| F|  |TAMS 0x000000070ae00000| PB 0x000000070ae00000| Untracked |  0
|  48|0x000000070b000000, 0x000000070b000000, 0x000000070b200000|  0%| F|  |TAMS 0x000000070b000000| PB 0x000000070b000000| Untracked |  0
|  49|0x000000070b200000, 0x000000070b200000, 0x000000070b400000|  0%| F|  |TAMS 0x000000070b200000| PB 0x000000070b200000| Untracked |  0
|  50|0x000000070b400000, 0x000000070b400000, 0x000000070b600000|  0%| F|  |TAMS 0x000000070b400000| PB 0x000000070b400000| Untracked |  0
|  51|0x000000070b600000, 0x000000070b600000, 0x000000070b800000|  0%| F|  |TAMS 0x000000070b600000| PB 0x000000070b600000| Untracked |  0
|  52|0x000000070b800000, 0x000000070b800000, 0x000000070ba00000|  0%| F|  |TAMS 0x000000070b800000| PB 0x000000070b800000| Untracked |  0
|  53|0x000000070ba00000, 0x000000070ba00000, 0x000000070bc00000|  0%| F|  |TAMS 0x000000070ba00000| PB 0x000000070ba00000| Untracked |  0
|  54|0x000000070bc00000, 0x000000070bc00000, 0x000000070be00000|  0%| F|  |TAMS 0x000000070bc00000| PB 0x000000070bc00000| Untracked |  0
|  55|0x000000070be00000, 0x000000070be00000, 0x000000070c000000|  0%| F|  |TAMS 0x000000070be00000| PB 0x000000070be00000| Untracked |  0
|  56|0x000000070c000000, 0x000000070c000000, 0x000000070c200000|  0%| F|  |TAMS 0x000000070c000000| PB 0x000000070c000000| Untracked |  0
|  57|0x000000070c200000, 0x000000070c200000, 0x000000070c400000|  0%| F|  |TAMS 0x000000070c200000| PB 0x000000070c200000| Untracked |  0
|  58|0x000000070c400000, 0x000000070c400000, 0x000000070c600000|  0%| F|  |TAMS 0x000000070c400000| PB 0x000000070c400000| Untracked |  0
|  59|0x000000070c600000, 0x000000070c600000, 0x000000070c800000|  0%| F|  |TAMS 0x000000070c600000| PB 0x000000070c600000| Untracked |  0
|  60|0x000000070c800000, 0x000000070c800000, 0x000000070ca00000|  0%| F|  |TAMS 0x000000070c800000| PB 0x000000070c800000| Untracked |  0
|  61|0x000000070ca00000, 0x000000070ca00000, 0x000000070cc00000|  0%| F|  |TAMS 0x000000070ca00000| PB 0x000000070ca00000| Untracked |  0
|  62|0x000000070cc00000, 0x000000070cc00000, 0x000000070ce00000|  0%| F|  |TAMS 0x000000070cc00000| PB 0x000000070cc00000| Untracked |  0
|  63|0x000000070ce00000, 0x000000070ce00000, 0x000000070d000000|  0%| F|  |TAMS 0x000000070ce00000| PB 0x000000070ce00000| Untracked |  0
|  64|0x000000070d000000, 0x000000070d000000, 0x000000070d200000|  0%| F|  |TAMS 0x000000070d000000| PB 0x000000070d000000| Untracked |  0
|  65|0x000000070d200000, 0x000000070d200000, 0x000000070d400000|  0%| F|  |TAMS 0x000000070d200000| PB 0x000000070d200000| Untracked |  0
|  66|0x000000070d400000, 0x000000070d400000, 0x000000070d600000|  0%| F|  |TAMS 0x000000070d400000| PB 0x000000070d400000| Untracked |  0
|  67|0x000000070d600000, 0x000000070d600000, 0x000000070d800000|  0%| F|  |TAMS 0x000000070d600000| PB 0x000000070d600000| Untracked |  0
|  68|0x000000070d800000, 0x000000070d800000, 0x000000070da00000|  0%| F|  |TAMS 0x000000070d800000| PB 0x000000070d800000| Untracked |  0
|  69|0x000000070da00000, 0x000000070da00000, 0x000000070dc00000|  0%| F|  |TAMS 0x000000070da00000| PB 0x000000070da00000| Untracked |  0
|  70|0x000000070dc00000, 0x000000070dc00000, 0x000000070de00000|  0%| F|  |TAMS 0x000000070dc00000| PB 0x000000070dc00000| Untracked |  0
|  71|0x000000070de00000, 0x000000070de00000, 0x000000070e000000|  0%| F|  |TAMS 0x000000070de00000| PB 0x000000070de00000| Untracked |  0
|  72|0x000000070e000000, 0x000000070e000000, 0x000000070e200000|  0%| F|  |TAMS 0x000000070e000000| PB 0x000000070e000000| Untracked |  0
|  73|0x000000070e200000, 0x000000070e200000, 0x000000070e400000|  0%| F|  |TAMS 0x000000070e200000| PB 0x000000070e200000| Untracked |  0
|  74|0x000000070e400000, 0x000000070e400000, 0x000000070e600000|  0%| F|  |TAMS 0x000000070e400000| PB 0x000000070e400000| Untracked |  0
|  75|0x000000070e600000, 0x000000070e600000, 0x000000070e800000|  0%| F|  |TAMS 0x000000070e600000| PB 0x000000070e600000| Untracked |  0
|  76|0x000000070e800000, 0x000000070e800000, 0x000000070ea00000|  0%| F|  |TAMS 0x000000070e800000| PB 0x000000070e800000| Untracked |  0
|  77|0x000000070ea00000, 0x000000070ea00000, 0x000000070ec00000|  0%| F|  |TAMS 0x000000070ea00000| PB 0x000000070ea00000| Untracked |  0
|  78|0x000000070ec00000, 0x000000070ec00000, 0x000000070ee00000|  0%| F|  |TAMS 0x000000070ec00000| PB 0x000000070ec00000| Untracked |  0
|  79|0x000000070ee00000, 0x000000070ee00000, 0x000000070f000000|  0%| F|  |TAMS 0x000000070ee00000| PB 0x000000070ee00000| Untracked |  0
|  80|0x000000070f000000, 0x000000070f000000, 0x000000070f200000|  0%| F|  |TAMS 0x000000070f000000| PB 0x000000070f000000| Untracked |  0
|  81|0x000000070f200000, 0x000000070f200000, 0x000000070f400000|  0%| F|  |TAMS 0x000000070f200000| PB 0x000000070f200000| Untracked |  0
|  82|0x000000070f400000, 0x000000070f400000, 0x000000070f600000|  0%| F|  |TAMS 0x000000070f400000| PB 0x000000070f400000| Untracked |  0
|  83|0x000000070f600000, 0x000000070f600000, 0x000000070f800000|  0%| F|  |TAMS 0x000000070f600000| PB 0x000000070f600000| Untracked |  0
|  84|0x000000070f800000, 0x000000070f800000, 0x000000070fa00000|  0%| F|  |TAMS 0x000000070f800000| PB 0x000000070f800000| Untracked |  0
|  85|0x000000070fa00000, 0x000000070fa00000, 0x000000070fc00000|  0%| F|  |TAMS 0x000000070fa00000| PB 0x000000070fa00000| Untracked |  0
|  86|0x000000070fc00000, 0x000000070fc00000, 0x000000070fe00000|  0%| F|  |TAMS 0x000000070fc00000| PB 0x000000070fc00000| Untracked |  0
|  87|0x000000070fe00000, 0x000000070fe00000, 0x0000000710000000|  0%| F|  |TAMS 0x000000070fe00000| PB 0x000000070fe00000| Untracked |  0
|  88|0x0000000710000000, 0x0000000710000000, 0x0000000710200000|  0%| F|  |TAMS 0x0000000710000000| PB 0x0000000710000000| Untracked |  0
|  89|0x0000000710200000, 0x0000000710200000, 0x0000000710400000|  0%| F|  |TAMS 0x0000000710200000| PB 0x0000000710200000| Untracked |  0
|  90|0x0000000710400000, 0x0000000710400000, 0x0000000710600000|  0%| F|  |TAMS 0x0000000710400000| PB 0x0000000710400000| Untracked |  0
|  91|0x0000000710600000, 0x0000000710600000, 0x0000000710800000|  0%| F|  |TAMS 0x0000000710600000| PB 0x0000000710600000| Untracked |  0
|  92|0x0000000710800000, 0x0000000710800000, 0x0000000710a00000|  0%| F|  |TAMS 0x0000000710800000| PB 0x0000000710800000| Untracked |  0
|  93|0x0000000710a00000, 0x0000000710a00000, 0x0000000710c00000|  0%| F|  |TAMS 0x0000000710a00000| PB 0x0000000710a00000| Untracked |  0
|  94|0x0000000710c00000, 0x0000000710c00000, 0x0000000710e00000|  0%| F|  |TAMS 0x0000000710c00000| PB 0x0000000710c00000| Untracked |  0
|  95|0x0000000710e00000, 0x0000000710e00000, 0x0000000711000000|  0%| F|  |TAMS 0x0000000710e00000| PB 0x0000000710e00000| Untracked |  0
|  96|0x0000000711000000, 0x0000000711000000, 0x0000000711200000|  0%| F|  |TAMS 0x0000000711000000| PB 0x0000000711000000| Untracked |  0
|  97|0x0000000711200000, 0x0000000711200000, 0x0000000711400000|  0%| F|  |TAMS 0x0000000711200000| PB 0x0000000711200000| Untracked |  0
|  98|0x0000000711400000, 0x0000000711400000, 0x0000000711600000|  0%| F|  |TAMS 0x0000000711400000| PB 0x0000000711400000| Untracked |  0
|  99|0x0000000711600000, 0x0000000711726040, 0x0000000711800000| 57%| S|CS|TAMS 0x0000000711600000| PB 0x0000000711600000| Complete |  0
| 100|0x0000000711800000, 0x0000000711a00000, 0x0000000711a00000|100%| S|CS|TAMS 0x0000000711800000| PB 0x0000000711800000| Complete |  0
| 101|0x0000000711a00000, 0x0000000711c00000, 0x0000000711c00000|100%| S|CS|TAMS 0x0000000711a00000| PB 0x0000000711a00000| Complete |  0
| 102|0x0000000711c00000, 0x0000000711c00000, 0x0000000711e00000|  0%| F|  |TAMS 0x0000000711c00000| PB 0x0000000711c00000| Untracked |  0
| 103|0x0000000711e00000, 0x0000000711e00000, 0x0000000712000000|  0%| F|  |TAMS 0x0000000711e00000| PB 0x0000000711e00000| Untracked |  0
| 104|0x0000000712000000, 0x0000000712000000, 0x0000000712200000|  0%| F|  |TAMS 0x0000000712000000| PB 0x0000000712000000| Untracked |  0
| 105|0x0000000712200000, 0x0000000712200000, 0x0000000712400000|  0%| F|  |TAMS 0x0000000712200000| PB 0x0000000712200000| Untracked |  0
| 106|0x0000000712400000, 0x0000000712400000, 0x0000000712600000|  0%| F|  |TAMS 0x0000000712400000| PB 0x0000000712400000| Untracked |  0
| 107|0x0000000712600000, 0x0000000712600000, 0x0000000712800000|  0%| F|  |TAMS 0x0000000712600000| PB 0x0000000712600000| Untracked |  0
| 108|0x0000000712800000, 0x0000000712800000, 0x0000000712a00000|  0%| F|  |TAMS 0x0000000712800000| PB 0x0000000712800000| Untracked |  0
| 109|0x0000000712a00000, 0x0000000712a00000, 0x0000000712c00000|  0%| F|  |TAMS 0x0000000712a00000| PB 0x0000000712a00000| Untracked |  0
| 110|0x0000000712c00000, 0x0000000712c00000, 0x0000000712e00000|  0%| F|  |TAMS 0x0000000712c00000| PB 0x0000000712c00000| Untracked |  0
| 111|0x0000000712e00000, 0x0000000712e00000, 0x0000000713000000|  0%| F|  |TAMS 0x0000000712e00000| PB 0x0000000712e00000| Untracked |  0
| 112|0x0000000713000000, 0x0000000713000000, 0x0000000713200000|  0%| F|  |TAMS 0x0000000713000000| PB 0x0000000713000000| Untracked |  0
| 113|0x0000000713200000, 0x0000000713200000, 0x0000000713400000|  0%| F|  |TAMS 0x0000000713200000| PB 0x0000000713200000| Untracked |  0
| 114|0x0000000713400000, 0x0000000713400000, 0x0000000713600000|  0%| F|  |TAMS 0x0000000713400000| PB 0x0000000713400000| Untracked |  0
| 115|0x0000000713600000, 0x0000000713600000, 0x0000000713800000|  0%| F|  |TAMS 0x0000000713600000| PB 0x0000000713600000| Untracked |  0
| 116|0x0000000713800000, 0x0000000713800000, 0x0000000713a00000|  0%| F|  |TAMS 0x0000000713800000| PB 0x0000000713800000| Untracked |  0
| 117|0x0000000713a00000, 0x0000000713a00000, 0x0000000713c00000|  0%| F|  |TAMS 0x0000000713a00000| PB 0x0000000713a00000| Untracked |  0
| 118|0x0000000713c00000, 0x0000000713da6028, 0x0000000713e00000| 82%| E|  |TAMS 0x0000000713c00000| PB 0x0000000713c00000| Complete |  0
| 119|0x0000000713e00000, 0x0000000714000000, 0x0000000714000000|100%| E|CS|TAMS 0x0000000713e00000| PB 0x0000000713e00000| Complete |  0
| 120|0x0000000714000000, 0x0000000714200000, 0x0000000714200000|100%| E|CS|TAMS 0x0000000714000000| PB 0x0000000714000000| Complete |  0
| 121|0x0000000714200000, 0x0000000714400000, 0x0000000714400000|100%| E|CS|TAMS 0x0000000714200000| PB 0x0000000714200000| Complete |  0
| 122|0x0000000714400000, 0x0000000714600000, 0x0000000714600000|100%| E|CS|TAMS 0x0000000714400000| PB 0x0000000714400000| Complete |  0
| 123|0x0000000714600000, 0x0000000714800000, 0x0000000714800000|100%| E|CS|TAMS 0x0000000714600000| PB 0x0000000714600000| Complete |  0
| 124|0x0000000714800000, 0x0000000714a00000, 0x0000000714a00000|100%| E|CS|TAMS 0x0000000714800000| PB 0x0000000714800000| Complete |  0
| 125|0x0000000714a00000, 0x0000000714c00000, 0x0000000714c00000|100%| E|CS|TAMS 0x0000000714a00000| PB 0x0000000714a00000| Complete |  0
|2007|0x00000007ffe00000, 0x00000007fff1c288, 0x0000000800000000| 55%| O|  |TAMS 0x00000007ffe00000| PB 0x00000007ffe00000| Untracked |  0

Card table byte_map: [0x0000022224ce0000,0x00000222254c0000] _byte_map_base: 0x00000222214b8000

Marking Bits: (CMBitMap*) 0x000002220c862200
 Bits: [0x00000222254c0000, 0x0000022229380000)

Polling page: 0x000002220bfd0000

Metaspace:

Usage:
  Non-class:     16.76 MB used.
      Class:      1.76 MB used.
       Both:     18.51 MB used.

Virtual space:
  Non-class space:       64.00 MB reserved,      16.94 MB ( 26%) committed,  1 nodes.
      Class space:        1.00 GB reserved,       1.88 MB ( <1%) committed,  1 nodes.
             Both:        1.06 GB reserved,      18.81 MB (  2%) committed. 

Chunk freelists:
   Non-Class:  14.97 MB
       Class:  14.09 MB
        Both:  29.07 MB

MaxMetaspaceSize: unlimited
CompressedClassSpaceSize: 1.00 GB
Initial GC threshold: 21.00 MB
Current GC threshold: 21.00 MB
CDS: on
 - commit_granule_bytes: 65536.
 - commit_granule_words: 8192.
 - virtual_space_node_default_size: 8388608.
 - enlarge_chunks_in_place: 1.
UseCompressedClassPointers 1, UseCompactObjectHeaders 0
Narrow klass pointer bits 32, Max shift 3
Narrow klass base: 0x000002222c000000, Narrow klass shift: 0
Encoding Range: [0x000002222c000000 - 0x000002232c000000), (4294967296 bytes)
Klass Range:    [0x000002222c000000 - 0x000002226d000000), (1090519040 bytes)
Klass ID Range:  [8 - 1090519033) (1090519025)


Internal statistics:

num_allocs_failed_limit: 0.
num_arena_births: 304.
num_arena_deaths: 0.
num_vsnodes_births: 2.
num_vsnodes_deaths: 0.
num_space_committed: 301.
num_space_uncommitted: 0.
num_chunks_returned_to_freelist: 0.
num_chunks_taken_from_freelist: 424.
num_chunk_merges: 0.
num_chunk_splits: 243.
num_chunks_enlarged: 107.
num_inconsistent_stats: 0.

CodeHeap 'non-profiled nmethods': size=120064Kb used=1620Kb max_used=1620Kb free=118444Kb
 bounds [0x000002221cb60000, 0x000002221cdd0000, 0x00000222240a0000]
CodeHeap 'profiled nmethods': size=120000Kb used=6768Kb max_used=6768Kb free=113231Kb
 bounds [0x00000222150a0000, 0x0000022215740000, 0x000002221c5d0000]
CodeHeap 'non-nmethods': size=5696Kb used=1790Kb max_used=1857Kb free=3905Kb
 bounds [0x000002221c5d0000, 0x000002221c840000, 0x000002221cb60000]
CodeCache: size=245760Kb, used=10178Kb, max_used=10245Kb, free=235580Kb
 total_blobs=4976, nmethods=4202, adapters=677, full_count=0
Compilation: enabled, stopped_count=0, restarted_count=0

Compilation events (20 events):
Event: 106.949 Thread 0x000002222be6c2a0 nmethod 4195 0x000002221ccf3988 code [0x000002221ccf3a80, 0x000002221ccf3b48]
Event: 106.949 Thread 0x000002222be6c2a0 4196       1       jdk.jfr.internal.EventControl::getNamedControls (5 bytes)
Event: 106.949 Thread 0x000002222be6c2a0 nmethod 4196 0x000002221ccf3c88 code [0x000002221ccf3d80, 0x000002221ccf3e48]
Event: 106.949 Thread 0x000002222be6c2a0 4197       1       jdk.jfr.internal.PlatformEventType::isEnabled (5 bytes)
Event: 106.949 Thread 0x000002222be6c2a0 nmethod 4197 0x000002221ccf3f88 code [0x000002221ccf4080, 0x000002221ccf4148]
Event: 106.949 Thread 0x000002222be6c2a0 4198       3       jdk.internal.misc.Unsafe::getAndAddLong (27 bytes)
Event: 106.949 Thread 0x000002222be6c2a0 nmethod 4198 0x0000022215739688 code [0x00000222157397a0, 0x0000022215739a50]
Event: 106.949 Thread 0x000002222be6c2a0 4200   !   3       jdk.jfr.internal.Control::setValue (102 bytes)
Event: 106.950 Thread 0x000002222be6c2a0 nmethod 4200 0x0000022215739a88 code [0x0000022215739d20, 0x000002221573b178]
Event: 106.950 Thread 0x000002222be6c2a0 4199       3       jdk.internal.misc.Unsafe::weakCompareAndSetLong (11 bytes)
Event: 106.950 Thread 0x000002222be6c2a0 nmethod 4199 0x000002221573b208 code [0x000002221573b320, 0x000002221573b448]
Event: 106.952 Thread 0x000002222be6a7d0 nmethod 4186 0x000002221ccf4288 code [0x000002221ccf43a0, 0x000002221ccf4980]
Event: 106.956 Thread 0x000002222be6c2a0 4201       1       jdk.jfr.internal.periodic.EventTask::getEventType (5 bytes)
Event: 106.956 Thread 0x000002222be6c2a0 nmethod 4201 0x000002221ccf4a08 code [0x000002221ccf4b00, 0x000002221ccf4bc8]
Event: 106.956 Thread 0x000002222be6c2a0 4203       3       java.util.Comparator$$Lambda/0x000002222d1bbfa8::compare (10 bytes)
Event: 106.956 Thread 0x000002222be6c2a0 nmethod 4203 0x000002221573b508 code [0x000002221573b660, 0x000002221573bad8]
Event: 106.956 Thread 0x000002222be6c2a0 4204       3       java.util.Comparator::lambda$comparingLong$6043328a$1 (18 bytes)
Event: 106.957 Thread 0x000002222be6c2a0 nmethod 4204 0x000002221573bb08 code [0x000002221573bc60, 0x000002221573c040]
Event: 106.957 Thread 0x000002222be6c2a0 4202       1       jdk.jfr.internal.periodic.PeriodicTask::getPeriod (5 bytes)
Event: 106.957 Thread 0x000002222be6c2a0 nmethod 4202 0x000002221ccf4d08 code [0x000002221ccf4e00, 0x000002221ccf4ec8]

GC Heap History (2 events):
Event: 43.103 GC heap before
{Heap before GC invocations=0 (full 0):
 garbage-first heap   total reserved 4112384K, committed 260096K, used 70768K [0x0000000705000000, 0x0000000800000000)
  region size 2048K, 24 young (49152K), 0 survivors (0K)
 Metaspace       used 17410K, committed 17728K, reserved 1114112K
  class space    used 1637K, committed 1792K, reserved 1048576K
}
Event: 43.109 GC heap after
{Heap after GC invocations=1 (full 0):
 garbage-first heap   total reserved 4112384K, committed 260096K, used 28936K [0x0000000705000000, 0x0000000800000000)
  region size 2048K, 3 young (6144K), 3 survivors (6144K)
 Metaspace       used 17410K, committed 17728K, reserved 1114112K
  class space    used 1637K, committed 1792K, reserved 1048576K
}

Dll operation events (15 events):
Event: 0.008 Loaded shared library C:\Users\user\.jdks\openjdk-24.0.1\bin\java.dll
Event: 0.048 Loaded shared library C:\Users\user\.jdks\openjdk-24.0.1\bin\jsvml.dll
Event: 0.089 Loaded shared library C:\Users\user\.jdks\openjdk-24.0.1\bin\zip.dll
Event: 0.091 Loaded shared library C:\Users\user\.jdks\openjdk-24.0.1\bin\instrument.dll
Event: 0.095 Loaded shared library C:\Users\user\.jdks\openjdk-24.0.1\bin\net.dll
Event: 0.097 Loaded shared library C:\Users\user\.jdks\openjdk-24.0.1\bin\nio.dll
Event: 0.103 Loaded shared library C:\Users\user\.jdks\openjdk-24.0.1\bin\zip.dll
Event: 0.144 Loaded shared library C:\Users\user\.jdks\openjdk-24.0.1\bin\extnet.dll
Event: 0.209 Loaded shared library C:\Users\user\.jdks\openjdk-24.0.1\bin\jimage.dll
Event: 0.240 Loaded shared library C:\Users\user\.jdks\openjdk-24.0.1\bin\awt.dll
Event: 0.245 Loaded shared library C:\Users\user\.jdks\openjdk-24.0.1\bin\management.dll
Event: 0.254 Loaded shared library C:\Users\user\.jdks\openjdk-24.0.1\bin\management_ext.dll
Event: 0.458 Loaded shared library C:\Users\user\.jdks\openjdk-24.0.1\bin\freetype.dll
Event: 0.459 Loaded shared library C:\Users\user\.jdks\openjdk-24.0.1\bin\fontmanager.dll
Event: 106.713 Loaded shared library C:\Users\user\AppData\Local\Temp\idea_libasyncProfiler_dll_temp_folder\libasyncProfiler.dll

Deoptimization events (20 events):
Event: 106.864 Thread 0x000002222be5d3a0 Uncommon trap: trap_request=0xffffffde fr.pc=0x000002221ccd6d10 relative=0x0000000000000070
Event: 106.864 Thread 0x000002222be5d3a0 Uncommon trap: reason=class_check action=maybe_recompile pc=0x000002221ccd6d10 method=jdk.jfr.FlightRecorderPermission$InternalAccess.getType(Ljava/lang/Object;)Ljdk/jfr/internal/Type; @ 18 c2
Event: 106.864 Thread 0x000002222be5d3a0 DEOPT PACKING pc=0x000002221ccd6d10 sp=0x000000ecb76fe260
Event: 106.864 Thread 0x000002222be5d3a0 DEOPT UNPACKING pc=0x000002221c6f7202 sp=0x000000ecb76fe1f8 mode 2
Event: 106.864 Thread 0x000002222be5d3a0 Uncommon trap: trap_request=0xffffffde fr.pc=0x000002221ccd6d10 relative=0x0000000000000070
Event: 106.864 Thread 0x000002222be5d3a0 Uncommon trap: reason=class_check action=maybe_recompile pc=0x000002221ccd6d10 method=jdk.jfr.FlightRecorderPermission$InternalAccess.getType(Ljava/lang/Object;)Ljdk/jfr/internal/Type; @ 18 c2
Event: 106.864 Thread 0x000002222be5d3a0 DEOPT PACKING pc=0x000002221ccd6d10 sp=0x000000ecb76fe260
Event: 106.864 Thread 0x000002222be5d3a0 DEOPT UNPACKING pc=0x000002221c6f7202 sp=0x000000ecb76fe1f8 mode 2
Event: 106.869 Thread 0x000002222be5d3a0 Uncommon trap: trap_request=0xffffffcc fr.pc=0x000002221ccd3b8c relative=0x00000000000003cc
Event: 106.869 Thread 0x000002222be5d3a0 Uncommon trap: reason=intrinsic_or_type_checked_inlining action=make_not_entrant pc=0x000002221ccd3b8c method=java.util.Arrays.copyOf([Ljava/lang/Object;ILjava/lang/Class;)[Ljava/lang/Object; @ 35 c2
Event: 106.869 Thread 0x000002222be5d3a0 DEOPT PACKING pc=0x000002221ccd3b8c sp=0x000000ecb76fe0e0
Event: 106.869 Thread 0x000002222be5d3a0 DEOPT UNPACKING pc=0x000002221c6f7202 sp=0x000000ecb76fe070 mode 2
Event: 106.928 Thread 0x000002222be5d3a0 Uncommon trap: trap_request=0xffffff4d fr.pc=0x000002221cceaef0 relative=0x00000000000003d0
Event: 106.928 Thread 0x000002222be5d3a0 Uncommon trap: reason=unstable_if action=reinterpret pc=0x000002221cceaef0 method=java.io.ByteArrayOutputStream.ensureCapacity(I)V @ 11 c2
Event: 106.928 Thread 0x000002222be5d3a0 DEOPT PACKING pc=0x000002221cceaef0 sp=0x000000ecb76fe430
Event: 106.928 Thread 0x000002222be5d3a0 DEOPT UNPACKING pc=0x000002221c6f7202 sp=0x000000ecb76fe310 mode 2
Event: 106.932 Thread 0x000002222be5d3a0 Uncommon trap: trap_request=0xffffff4d fr.pc=0x000002221ccea92c relative=0x000000000000020c
Event: 106.932 Thread 0x000002222be5d3a0 Uncommon trap: reason=unstable_if action=reinterpret pc=0x000002221ccea92c method=java.io.ByteArrayOutputStream.ensureCapacity(I)V @ 11 c2
Event: 106.932 Thread 0x000002222be5d3a0 DEOPT PACKING pc=0x000002221ccea92c sp=0x000000ecb76fe310
Event: 106.932 Thread 0x000002222be5d3a0 DEOPT UNPACKING pc=0x000002221c6f7202 sp=0x000000ecb76fe248 mode 2

Classes loaded (20 events):
Event: 106.914 Loading class jdk/jfr/internal/MetadataWriter
Event: 106.914 Loading class jdk/jfr/internal/MetadataWriter done
Event: 106.914 Loading class jdk/jfr/internal/MetadataDescriptor$Element
Event: 106.914 Loading class jdk/jfr/internal/MetadataDescriptor$Element done
Event: 106.914 Loading class jdk/jfr/internal/MetadataDescriptor$Attribute
Event: 106.914 Loading class jdk/jfr/internal/MetadataDescriptor$Attribute done
Event: 106.923 Loading class jdk/jfr/internal/consumer/StringParser$Encoding
Event: 106.923 Loading class jdk/jfr/internal/consumer/StringParser$Encoding done
Event: 106.944 Loading class jdk/jfr/internal/consumer/RepositoryFiles
Event: 106.945 Loading class jdk/jfr/internal/consumer/RepositoryFiles done
Event: 106.947 Loading class jdk/jfr/internal/SettingsManager$InternalSetting
Event: 106.947 Loading class jdk/jfr/internal/SettingsManager$InternalSetting done
Event: 106.948 Loading class jdk/jfr/internal/util/Rate
Event: 106.948 Loading class jdk/jfr/internal/util/Rate done
Event: 106.948 Loading class jdk/jfr/internal/util/TimespanUnit
Event: 106.948 Loading class jdk/jfr/internal/util/TimespanUnit done
Event: 106.948 Loading class jdk/jfr/internal/util/ValueParser
Event: 106.948 Loading class jdk/jfr/internal/util/ValueParser done
Event: 106.949 Loading class jdk/jfr/internal/periodic/PeriodicType
Event: 106.949 Loading class jdk/jfr/internal/periodic/PeriodicType done

Classes unloaded (0 events):
No events

Classes redefined (0 events):
No events

Internal exceptions (20 events):
Event: 0.531 Thread 0x0000022271d357a0 Exception <a 'java/lang/NoSuchMethodError'{0x00000007132b3d80}: 'int java.lang.invoke.DelegatingMethodHandle$Holder.reinvoke_L(java.lang.Object, java.lang.Object, java.lang.Object, java.lang.Object, java.lang.Object)'> (0x00000007132b3d80) 
thrown [s\open\src\hotspot\share\interpreter\linkResolver.cpp, line 805]
Event: 0.536 Thread 0x0000022271d357a0 Exception <a 'java/lang/NoSuchMethodError'{0x00000007132f6cc8}: 'java.lang.Object java.lang.invoke.DirectMethodHandle$Holder.invokeStatic(java.lang.Object, java.lang.Object, java.lang.Object, java.lang.Object, java.lang.Object, java.lang.Object, java.lang.Object, java.lang.Object)'> (0x00000007132f6cc8) 
thrown [s\open\src\hotspot\share\interpreter\linkResolver.cpp, line 805]
Event: 0.537 Thread 0x0000022271d357a0 Exception <a 'java/lang/NoSuchMethodError'{0x0000000712e0fb78}: 'java.lang.Object java.lang.invoke.DirectMethodHandle$Holder.invokeStatic(java.lang.Object, java.lang.Object, java.lang.Object, java.lang.Object, java.lang.Object, java.lang.Object, java.lang.Object, java.lang.Object, java.lang.Object)'> (0x0000000712e0fb78) 
thrown [s\open\src\hotspot\share\interpreter\linkResolver.cpp, line 805]
Event: 0.539 Thread 0x0000022271d357a0 Exception <a 'java/lang/NoSuchMethodError'{0x0000000712e23028}: 'java.lang.Object java.lang.invoke.Invokers$Holder.invokeExact_MT(java.lang.Object, java.lang.Object, java.lang.Object, java.lang.Object, java.lang.Object, java.lang.Object)'> (0x0000000712e23028) 
thrown [s\open\src\hotspot\share\interpreter\linkResolver.cpp, line 805]
Event: 0.541 Thread 0x0000022271d357a0 Exception <a 'java/lang/NoSuchMethodError'{0x0000000712e2ed68}: 'java.lang.Object java.lang.invoke.DirectMethodHandle$Holder.invokeInterface(java.lang.Object, java.lang.Object, java.lang.Object, java.lang.Object, java.lang.Object)'> (0x0000000712e2ed68) 
thrown [s\open\src\hotspot\share\interpreter\linkResolver.cpp, line 805]
Event: 0.546 Thread 0x0000022271d357a0 Exception <a 'java/lang/NoSuchMethodError'{0x0000000712e793e8}: 'double java.lang.invoke.DirectMethodHandle$Holder.invokeInterface(java.lang.Object, java.lang.Object)'> (0x0000000712e793e8) 
thrown [s\open\src\hotspot\share\interpreter\linkResolver.cpp, line 805]
Event: 0.546 Thread 0x0000022271d357a0 Exception <a 'java/lang/NoSuchMethodError'{0x0000000712e8a058}: 'double java.lang.invoke.DelegatingMethodHandle$Holder.reinvoke_L(java.lang.Object, java.lang.Object)'> (0x0000000712e8a058) 
thrown [s\open\src\hotspot\share\interpreter\linkResolver.cpp, line 805]
Event: 0.625 Thread 0x0000022271b99a30 Exception <a 'java/lang/NoSuchMethodError'{0x00000007145fb930}: 'void java.lang.invoke.DirectMethodHandle$Holder.invokeVirtual(java.lang.Object, java.lang.Object)'> (0x00000007145fb930) 
thrown [s\open\src\hotspot\share\interpreter\linkResolver.cpp, line 805]
Event: 0.635 Thread 0x00000222717e4290 Exception <a 'java/lang/NoSuchMethodError'{0x00000007131ce330}: 'void java.lang.invoke.DirectMethodHandle$Holder.invokeStaticInit(java.lang.Object)'> (0x00000007131ce330) 
thrown [s\open\src\hotspot\share\interpreter\linkResolver.cpp, line 805]
Event: 0.950 Thread 0x0000022271d357a0 Exception <a 'java/lang/NoSuchMethodError'{0x0000000712eb1b90}: 'long java.lang.invoke.DirectMethodHandle$Holder.invokeVirtual(java.lang.Object, java.lang.Object)'> (0x0000000712eb1b90) 
thrown [s\open\src\hotspot\share\interpreter\linkResolver.cpp, line 805]
Event: 0.951 Thread 0x0000022271d357a0 Exception <a 'java/lang/NoSuchMethodError'{0x0000000712ec1e40}: 'long java.lang.invoke.DelegatingMethodHandle$Holder.reinvoke_L(java.lang.Object, java.lang.Object)'> (0x0000000712ec1e40) 
thrown [s\open\src\hotspot\share\interpreter\linkResolver.cpp, line 805]
Event: 39.509 Thread 0x00000222717e4290 Exception <a 'java/lang/NoSuchMethodError'{0x0000000711f3f080}: 'int java.lang.invoke.DirectMethodHandle$Holder.invokeStatic(java.lang.Object)'> (0x0000000711f3f080) 
thrown [s\open\src\hotspot\share\interpreter\linkResolver.cpp, line 805]
Event: 106.810 Thread 0x000002222be5d3a0 Exception <a 'java/lang/NoSuchMethodError'{0x0000000714576180}: 'int java.lang.invoke.DirectMethodHandle$Holder.invokeStatic(java.lang.Object, java.lang.Object, java.lang.Object, java.lang.Object)'> (0x0000000714576180) 
thrown [s\open\src\hotspot\share\interpreter\linkResolver.cpp, line 805]
Event: 106.893 Thread 0x000002222be5d3a0 Exception <a 'java/lang/NoSuchMethodError'{0x0000000714172858}: 'void java.lang.invoke.DirectMethodHandle$Holder.invokeSpecial(java.lang.Object, java.lang.Object, int)'> (0x0000000714172858) 
thrown [s\open\src\hotspot\share\interpreter\linkResolver.cpp, line 805]
Event: 106.894 Thread 0x000002222be5d3a0 Exception <a 'java/lang/NoSuchMethodError'{0x000000071417a6c0}: 'void java.lang.invoke.Invokers$Holder.invokeExact_MT(java.lang.Object, int, java.lang.Object)'> (0x000000071417a6c0) 
thrown [s\open\src\hotspot\share\interpreter\linkResolver.cpp, line 805]
Event: 106.897 Thread 0x000002222be5d3a0 Exception <a 'java/lang/NoSuchMethodError'{0x0000000714194ad8}: 'void java.lang.invoke.DirectMethodHandle$Holder.invokeStatic(java.lang.Object, java.lang.Object, int)'> (0x0000000714194ad8) 
thrown [s\open\src\hotspot\share\interpreter\linkResolver.cpp, line 805]
Event: 106.898 Thread 0x000002222be5d3a0 Exception <a 'java/lang/NoSuchMethodError'{0x00000007141a39e0}: 'java.lang.Object java.lang.invoke.DirectMethodHandle$Holder.newInvokeSpecial(java.lang.Object, java.lang.Object, int)'> (0x00000007141a39e0) 
thrown [s\open\src\hotspot\share\interpreter\linkResolver.cpp, line 805]
Event: 106.904 Thread 0x000002222be5d3a0 Exception <a 'sun/nio/fs/WindowsException'{0x00000007141d7aa0}> (0x00000007141d7aa0) 
thrown [s\open\src\hotspot\share\prims\jni.cpp, line 518]
Event: 106.907 Thread 0x000002222be5d3a0 Exception <a 'sun/nio/fs/WindowsException'{0x00000007141e4878}> (0x00000007141e4878) 
thrown [s\open\src\hotspot\share\prims\jni.cpp, line 518]
Event: 106.912 Thread 0x000002222be5d3a0 Exception <a 'sun/nio/fs/WindowsException'{0x00000007141f65d0}> (0x00000007141f65d0) 
thrown [s\open\src\hotspot\share\prims\jni.cpp, line 518]

VM Operations (20 events):
Event: 0.899 Executing VM operation: HandshakeAllThreads (Deoptimize)
Event: 0.899 Executing VM operation: HandshakeAllThreads (Deoptimize) done
Event: 0.904 Executing VM operation: HandshakeAllThreads (Deoptimize)
Event: 0.905 Executing VM operation: HandshakeAllThreads (Deoptimize) done
Event: 3.121 Executing VM operation: HandshakeAllThreads (Deoptimize)
Event: 3.121 Executing VM operation: HandshakeAllThreads (Deoptimize) done
Event: 39.477 Executing VM operation: HandshakeAllThreads (Deoptimize)
Event: 39.477 Executing VM operation: HandshakeAllThreads (Deoptimize) done
Event: 39.515 Executing VM operation: HandshakeAllThreads (Deoptimize)
Event: 39.515 Executing VM operation: HandshakeAllThreads (Deoptimize) done
Event: 43.103 Executing VM operation: G1CollectForAllocation (G1 Evacuation Pause)
Event: 43.110 Executing VM operation: G1CollectForAllocation (G1 Evacuation Pause) done
Event: 60.124 Executing VM operation: HandshakeAllThreads (HandshakeForDeflation)
Event: 60.124 Executing VM operation: HandshakeAllThreads (HandshakeForDeflation) done
Event: 60.124 Executing VM operation: RendezvousGCThreads
Event: 60.124 Executing VM operation: RendezvousGCThreads done
Event: 106.900 Executing VM operation: HandshakeAllThreads (Deoptimize)
Event: 106.900 Executing VM operation: HandshakeAllThreads (Deoptimize) done
Event: 106.945 Executing VM operation: JFRSafepointClear
Event: 106.945 Executing VM operation: JFRSafepointClear done

Memory protections (0 events):
No events

Nmethod flushes (0 events):
No events

Events (20 events):
Event: 0.376 Thread 0x000002222be6c2a0 Thread added: 0x0000022271ba83e0
Event: 0.482 Thread 0x000002222be5d3a0 Thread added: 0x0000022271c37720
Event: 0.496 Thread 0x0000022271c37720 Thread added: 0x0000022271d357a0
Event: 0.508 Thread 0x00000222717e4290 Thread added: 0x0000022271d0aa40
Event: 0.508 Thread 0x0000022271d357a0 Thread added: 0x0000022271d0b190
Event: 0.515 Thread 0x0000022271d357a0 Thread added: 0x0000022271d07e60
Event: 0.819 Thread 0x0000022271ba83e0 Thread exited: 0x0000022271ba83e0
Event: 1.101 Thread 0x0000022271ba74c0 Thread exited: 0x0000022271ba74c0
Event: 3.128 Thread 0x000002222be6c2a0 Thread added: 0x0000022271ba74c0
Event: 3.406 Thread 0x0000022271ba74c0 Thread exited: 0x0000022271ba74c0
Event: 5.375 Thread 0x000002222be6c2a0 Thread added: 0x0000022271ba9300
Event: 5.848 Thread 0x0000022271ba9300 Thread exited: 0x0000022271ba9300
Event: 7.002 Thread 0x000002222be6c2a0 Thread added: 0x0000022271ba5e10
Event: 8.157 Thread 0x0000022271ba5e10 Thread exited: 0x0000022271ba5e10
Event: 39.479 Thread 0x00000222717e4290 Thread added: 0x0000022271d0a2f0
Event: 44.481 Thread 0x0000022271d0a2f0 Thread exited: 0x0000022271d0a2f0
Event: 106.737 Thread 0x000002222be6c2a0 Thread added: 0x0000022271ba8b70
Event: 106.763 Thread 0x000002222be5d3a0 Thread added: 0x000002227560ea20
Event: 106.899 Thread 0x000002222be5d3a0 Thread added: 0x0000022275610eb0
Event: 106.939 Thread 0x000002222be6a7d0 Thread added: 0x0000022271ba5e10


Dynamic libraries:
0x00007ff6327f0000 - 0x00007ff6327fe000 	C:\Users\user\.jdks\openjdk-24.0.1\bin\java.exe
0x00007ff9c69b0000 - 0x00007ff9c6bc7000 	C:\Windows\SYSTEM32\ntdll.dll
0x00007ff9c47a0000 - 0x00007ff9c4864000 	C:\Windows\System32\KERNEL32.DLL
0x00007ff9c3ac0000 - 0x00007ff9c3e93000 	C:\Windows\System32\KERNELBASE.dll
0x00007ff9c4480000 - 0x00007ff9c4591000 	C:\Windows\System32\ucrtbase.dll
0x00007ff9aa840000 - 0x00007ff9aa85b000 	C:\Users\user\.jdks\openjdk-24.0.1\bin\VCRUNTIME140.dll
0x00007ff9b8db0000 - 0x00007ff9b8dc6000 	C:\Users\user\.jdks\openjdk-24.0.1\bin\jli.dll
0x00007ff9c6730000 - 0x00007ff9c68e1000 	C:\Windows\System32\USER32.dll
0x00007ff9a4e70000 - 0x00007ff9a5108000 	C:\Windows\WinSxS\amd64_microsoft.windows.common-controls_6595b64144ccf1df_6.0.22621.5124_none_270e8f4f7386d69d\COMCTL32.dll
0x00007ff9c4290000 - 0x00007ff9c42b6000 	C:\Windows\System32\win32u.dll
0x00007ff9c62a0000 - 0x00007ff9c6347000 	C:\Windows\System32\msvcrt.dll
0x00007ff9c4700000 - 0x00007ff9c4729000 	C:\Windows\System32\GDI32.dll
0x00007ff9c4360000 - 0x00007ff9c447b000 	C:\Windows\System32\gdi32full.dll
0x00007ff9c42c0000 - 0x00007ff9c435a000 	C:\Windows\System32\msvcp_win.dll
0x00007ff9c6560000 - 0x00007ff9c6591000 	C:\Windows\System32\IMM32.DLL
0x00007ff9bddf0000 - 0x00007ff9bddfc000 	C:\Users\user\.jdks\openjdk-24.0.1\bin\vcruntime140_1.dll
0x00007ff974d50000 - 0x00007ff974dde000 	C:\Users\user\.jdks\openjdk-24.0.1\bin\msvcp140.dll
0x00007ff8f2e60000 - 0x00007ff8f3c02000 	C:\Users\user\.jdks\openjdk-24.0.1\bin\server\jvm.dll
0x00007ff9c5630000 - 0x00007ff9c56e1000 	C:\Windows\System32\ADVAPI32.dll
0x00007ff9c4650000 - 0x00007ff9c46f8000 	C:\Windows\System32\sechost.dll
0x00007ff9c4620000 - 0x00007ff9c4648000 	C:\Windows\System32\bcrypt.dll
0x00007ff9c6440000 - 0x00007ff9c6554000 	C:\Windows\System32\RPCRT4.dll
0x00007ff9c6350000 - 0x00007ff9c63c1000 	C:\Windows\System32\WS2_32.dll
0x00007ff9c2960000 - 0x00007ff9c29ad000 	C:\Windows\SYSTEM32\POWRPROF.dll
0x00007ff9baff0000 - 0x00007ff9baffa000 	C:\Windows\SYSTEM32\VERSION.dll
0x00007ff9bb350000 - 0x00007ff9bb384000 	C:\Windows\SYSTEM32\WINMM.dll
0x00007ff9c2920000 - 0x00007ff9c2933000 	C:\Windows\SYSTEM32\UMPDC.dll
0x00007ff9c2be0000 - 0x00007ff9c2bf8000 	C:\Windows\SYSTEM32\kernel.appcore.dll
0x00007ff9bd0d0000 - 0x00007ff9bd0da000 	C:\Users\user\.jdks\openjdk-24.0.1\bin\jimage.dll
0x00007ff9c1070000 - 0x00007ff9c12a2000 	C:\Windows\SYSTEM32\DBGHELP.DLL
0x00007ff9c4cf0000 - 0x00007ff9c5082000 	C:\Windows\System32\combase.dll
0x00007ff9c6650000 - 0x00007ff9c6727000 	C:\Windows\System32\OLEAUT32.dll
0x00007ff9ae4f0000 - 0x00007ff9ae522000 	C:\Windows\SYSTEM32\dbgcore.DLL
0x00007ff9c3ea0000 - 0x00007ff9c3f1b000 	C:\Windows\System32\bcryptPrimitives.dll
0x00007ff9b9120000 - 0x00007ff9b912f000 	C:\Users\user\.jdks\openjdk-24.0.1\bin\instrument.dll
0x00007ff9aa620000 - 0x00007ff9aa63e000 	C:\Users\user\.jdks\openjdk-24.0.1\bin\java.dll
0x00007ff9c4870000 - 0x00007ff9c4a11000 	C:\Windows\System32\ole32.dll
0x00007ff9c56f0000 - 0x00007ff9c5f86000 	C:\Windows\System32\SHELL32.dll
0x00007ff9c3fe0000 - 0x00007ff9c411f000 	C:\Windows\System32\wintypes.dll
0x00007ff9c19f0000 - 0x00007ff9c230a000 	C:\Windows\SYSTEM32\windows.storage.dll
0x00007ff9c4a20000 - 0x00007ff9c4b2a000 	C:\Windows\System32\SHCORE.dll
0x00007ff9c4730000 - 0x00007ff9c4793000 	C:\Windows\System32\shlwapi.dll
0x00007ff9c39f0000 - 0x00007ff9c3a1b000 	C:\Windows\SYSTEM32\profapi.dll
0x00007ff973300000 - 0x00007ff9733d7000 	C:\Users\user\.jdks\openjdk-24.0.1\bin\jsvml.dll
0x00007ff9a9490000 - 0x00007ff9a94a7000 	C:\Users\user\.jdks\openjdk-24.0.1\bin\zip.dll
0x00007ff9b74f0000 - 0x00007ff9b7500000 	C:\Users\user\.jdks\openjdk-24.0.1\bin\net.dll
0x00007ff9c3060000 - 0x00007ff9c30ca000 	C:\Windows\system32\mswsock.dll
0x00007ff9a9140000 - 0x00007ff9a9156000 	C:\Users\user\.jdks\openjdk-24.0.1\bin\nio.dll
0x00007ff9b74d0000 - 0x00007ff9b74d9000 	C:\Users\user\.jdks\openjdk-24.0.1\bin\extnet.dll
0x00007ff9c26b0000 - 0x00007ff9c27b2000 	C:\Windows\SYSTEM32\DNSAPI.dll
0x00007ff9c2670000 - 0x00007ff9c269d000 	C:\Windows\SYSTEM32\IPHLPAPI.DLL
0x00007ff9c6160000 - 0x00007ff9c6169000 	C:\Windows\System32\NSI.dll
0x00007ff9baeb0000 - 0x00007ff9baeba000 	C:\Windows\System32\rasadhlp.dll
0x00007ff9bb220000 - 0x00007ff9bb2a3000 	C:\Windows\System32\fwpuclnt.dll
0x00007ff96c550000 - 0x00007ff96c6ce000 	C:\Users\user\.jdks\openjdk-24.0.1\bin\awt.dll
0x00007ff9bad40000 - 0x00007ff9badd7000 	C:\Windows\SYSTEM32\apphelp.dll
0x00007ff9aa6c0000 - 0x00007ff9aa6ca000 	C:\Users\user\.jdks\openjdk-24.0.1\bin\management.dll
0x00007ff9a9130000 - 0x00007ff9a913b000 	C:\Users\user\.jdks\openjdk-24.0.1\bin\management_ext.dll
0x00007ff9c6960000 - 0x00007ff9c6968000 	C:\Windows\System32\PSAPI.DLL
0x00007ff9be060000 - 0x00007ff9be113000 	C:\Windows\system32\uxtheme.dll
0x00007ff9c4b30000 - 0x00007ff9c4c90000 	C:\Windows\System32\MSCTF.dll
0x00007ff9be4c0000 - 0x00007ff9be4ee000 	C:\Windows\system32\DWMAPI.DLL
0x00007ff985940000 - 0x00007ff985a40000 	C:\Windows\system32\opengl32.dll
0x00007ff985910000 - 0x00007ff98593d000 	C:\Windows\SYSTEM32\GLU32.dll
0x00007ff9c0d30000 - 0x00007ff9c0d67000 	C:\Windows\SYSTEM32\dxcore.dll
0x00007ff9c32c0000 - 0x00007ff9c32db000 	C:\Windows\SYSTEM32\CRYPTSP.dll
0x00007ff9c2b40000 - 0x00007ff9c2b77000 	C:\Windows\system32\rsaenh.dll
0x00007ff9c3150000 - 0x00007ff9c3178000 	C:\Windows\SYSTEM32\USERENV.dll
0x00007ff9c32b0000 - 0x00007ff9c32bc000 	C:\Windows\SYSTEM32\CRYPTBASE.dll
0x00007ff971cd0000 - 0x00007ff971d57000 	C:\Users\user\.jdks\openjdk-24.0.1\bin\freetype.dll
0x00007ff96b190000 - 0x00007ff96b267000 	C:\Users\user\.jdks\openjdk-24.0.1\bin\fontmanager.dll
0x00007ff985870000 - 0x00007ff985887000 	C:\Windows\system32\napinsp.dll
0x00007ff985890000 - 0x00007ff9858ab000 	C:\Windows\system32\pnrpnsp.dll
0x00007ff9858b0000 - 0x00007ff9858c1000 	C:\Windows\System32\winrnr.dll
0x00007ff9bb580000 - 0x00007ff9bb595000 	C:\Windows\system32\wshbth.dll
0x00007ff9858d0000 - 0x00007ff9858f7000 	C:\Windows\system32\nlansp_c.dll
0x00007ff9a5250000 - 0x00007ff9a52a0000 	C:\Windows\SYSTEM32\pdh.dll
0x00007ff9c65a0000 - 0x00007ff9c6650000 	C:\Windows\System32\clbcatq.dll
0x00007ff9bde70000 - 0x00007ff9be020000 	C:\Windows\SYSTEM32\WindowsCodecs.dll
0x00007ff9a6f00000 - 0x00007ff9a6f5e000 	C:\Windows\system32\dataexchange.dll
0x00007ff9b6e90000 - 0x00007ff9b7136000 	C:\Windows\system32\twinapi.appcore.dll
0x00007ff9b9d10000 - 0x00007ff9b9d21000 	C:\Windows\System32\perfproc.dll
0x00007ff9acd80000 - 0x00007ff9acec4000 	C:\Windows\SYSTEM32\textinputframework.dll
0x00007ff9a18c0000 - 0x00007ff9a18d0000 	C:\Windows\System32\perfos.dll
0x00007ff9c0d70000 - 0x00007ff9c0d80000 	C:\Windows\SYSTEM32\pfclient.dll
0x00007ff9baa50000 - 0x00007ff9bab85000 	C:\Windows\SYSTEM32\CoreMessaging.dll
0x00007ff9b7fd0000 - 0x00007ff9b833c000 	C:\Windows\SYSTEM32\CoreUIComponents.dll
0x00007ff968390000 - 0x00007ff968588000 	C:\Users\user\AppData\Local\Temp\idea_libasyncProfiler_dll_temp_folder\libasyncProfiler.dll

JVMTI agents:
C:\Program Files\JetBrains\IntelliJ IDEA 2025.1\lib\idea_rt.jar path:C:\Users\user\.jdks\openjdk-24.0.1\bin\instrument.dll, loaded, initialized, instrumentlib options:57461

dbghelp: loaded successfully - version: 4.0.5 - missing functions: none
symbol engine: initialized successfully - sym options: 0x614 - pdb path: .;C:\Users\user\.jdks\openjdk-24.0.1\bin;C:\Windows\SYSTEM32;C:\Windows\WinSxS\amd64_microsoft.windows.common-controls_6595b64144ccf1df_6.0.22621.5124_none_270e8f4f7386d69d;C:\Users\user\.jdks\openjdk-24.0.1\bin\server;C:\Users\user\AppData\Local\Temp\idea_libasyncProfiler_dll_temp_folder

VM Arguments:
jvm_args: -javaagent:C:\Program Files\JetBrains\IntelliJ IDEA 2025.1\lib\idea_rt.jar=57461 -Dfile.encoding=UTF-8 -Dsun.stdout.encoding=UTF-8 -Dsun.stderr.encoding=UTF-8 
java_command: Last_Laboratory_Works.ModernAlgorithmsLabApp
java_class_path (initial): C:\Users\user\IdeaProjects\AA\out\production\Algorythm_Analysis;C:\Users\user\.m2\repository\org\jfree\jfreechart\1.5.3\jfreechart-1.5.3.jar
Launcher Type: SUN_STANDARD

[Global flags]
     intx CICompilerCount                          = 4                                         {product} {ergonomic}
     uint ConcGCThreads                            = 2                                         {product} {ergonomic}
     bool FlightRecorder                           = true                                      {product} {management}
     uint G1ConcRefinementThreads                  = 8                                         {product} {ergonomic}
   size_t G1HeapRegionSize                         = 2097152                                   {product} {ergonomic}
   size_t InitialHeapSize                          = 264241152                                 {product} {ergonomic}
   size_t MarkStackSize                            = 4194304                                   {product} {ergonomic}
   size_t MarkStackSizeMax                         = 536870912                                 {product} {ergonomic}
   size_t MaxHeapSize                              = 4211081216                                {product} {ergonomic}
   size_t MaxNewSize                               = 2524971008                                {product} {ergonomic}
   size_t MinHeapDeltaBytes                        = 2097152                                   {product} {ergonomic}
   size_t MinHeapSize                              = 8388608                                   {product} {ergonomic}
    uintx NonNMethodCodeHeapSize                   = 5832704                                {pd product} {ergonomic}
    uintx NonProfiledCodeHeapSize                  = 122945536                              {pd product} {ergonomic}
    uintx ProfiledCodeHeapSize                     = 122880000                              {pd product} {ergonomic}
    uintx ReservedCodeCacheSize                    = 251658240                              {pd product} {ergonomic}
     bool SegmentedCodeCache                       = true                                      {product} {ergonomic}
   size_t SoftMaxHeapSize                          = 4211081216                             {manageable} {ergonomic}
     bool UseCompressedOops                        = true                           {product lp64_product} {ergonomic}
     bool UseG1GC                                  = true                                      {product} {ergonomic}
     bool UseLargePagesIndividualAllocation        = false                                  {pd product} {ergonomic}

Logging:
Log output configuration:
 #0: stdout all=warning uptime,level,tags foldmultilines=false
 #1: stderr all=off uptime,level,tags foldmultilines=false

Environment Variables:
PATH=C:\Program Files (x86)\Common Files\Oracle\Java\java8path;C:\Program Files (x86)\Common Files\Oracle\Java\javapath;C:\Windows\system32;C:\Windows;C:\Windows\System32\Wbem;C:\Windows\System32\WindowsPowerShell\v1.0\;C:\Windows\System32\OpenSSH\;C:\Program Files\nodejs\;C:\Program Files\Git\cmd;C:\Program Files (x86)\Windows Kits\10\Windows Performance Toolkit\;C:\Users\user\AppData\Local\Programs\Python\Launcher\;C:\Users\user\AppData\Local\Microsoft\WindowsApps;C:\Users\user\AppData\Roaming\npm;C:\Users\user\AppData\Local\Programs\Microsoft VS Code\bin;C:\Users\user\AppData\Local\Programs\cursor\resources\app\bin
USERNAME=user
OS=Windows_NT
PROCESSOR_IDENTIFIER=Intel64 Family 6 Model 140 Stepping 1, GenuineIntel
TMP=C:\Users\user\AppData\Local\Temp
TEMP=C:\Users\user\AppData\Local\Temp




Periodic native trim disabled

---------------  S Y S T E M  ---------------

OS:
 Windows 11 , 64 bit Build 22621 (10.0.22621.5124)
OS uptime: 8 days 17:50 hours

CPU: total 8 (initial active 8) (4 cores per cpu, 2 threads per core) family 6 model 140 stepping 1 microcode 0x86, cx8, cmov, fxsr, ht, mmx, 3dnowpref, sse, sse2, sse3, ssse3, sse4.1, sse4.2, popcnt, lzcnt, tsc, tscinvbit, avx, avx2, aes, erms, clmul, bmi1, bmi2, adx, avx512f, avx512dq, avx512cd, avx512bw, avx512vl, sha, fma, vzeroupper, avx512_vpopcntdq, avx512_vpclmulqdq, avx512_vaes, avx512_vnni, clflush, clflushopt, clwb, avx512_vbmi2, avx512_vbmi, rdtscp, rdpid, fsrm, gfni, avx512_bitalg, f16c, pku, cet_ibt, cet_ss, avx512_ifma
Processor Information for processor 0
  Max Mhz: 3302, Current Mhz: 1200, Mhz Limit: 3302
Processor Information for processor 1
  Max Mhz: 3302, Current Mhz: 3302, Mhz Limit: 3302
Processor Information for processor 2
  Max Mhz: 3302, Current Mhz: 3302, Mhz Limit: 3302
Processor Information for processor 3
  Max Mhz: 3302, Current Mhz: 3302, Mhz Limit: 3302
Processor Information for processor 4
  Max Mhz: 3302, Current Mhz: 3302, Mhz Limit: 3302
Processor Information for processor 5
  Max Mhz: 3302, Current Mhz: 3302, Mhz Limit: 3302
Processor Information for processor 6
  Max Mhz: 3302, Current Mhz: 3302, Mhz Limit: 3302
Processor Information for processor 7
  Max Mhz: 3302, Current Mhz: 3302, Mhz Limit: 3302

Memory: 4k page, system-wide physical 16062M (1539M free)
TotalPageFile size 33564M (AvailPageFile size 5481M)
current process WorkingSet (physical memory assigned to process): 196M, peak: 196M
current process commit charge ("private bytes"): 442M, peak: 443M

vm_info: OpenJDK 64-Bit Server VM (24.0.1+9-30) for windows-amd64 JRE (24.0.1+9-30), built on 2025-03-05T07:23:45Z with MS VC++ 17.6 (VS2022)

END.
